C:\Program Files\Microsoft Visual Studio\2022\Community\MSBuild\Microsoft\VC\v170\Microsoft.CppBuild.targets(517,5): warning MSB8028: 중간 디렉터리(C:\Users\Admin\Desktop\GameEx\Intermediate\Debug\)에 다른 프로젝트(AssimpTool.vcxproj, GameExe.vcxproj)에서 공유하는 파일이 포함되어 있습니다.  이로 인해 잘못된 정리 및 다시 빌드 동작이 수행될 수 있습니다.
  C:\Users\Admin\Desktop\GameEx\Engine\AABBCollider.h
  C:\Users\Admin\Desktop\GameEx\Engine\BaseCollider.h
  C:\Users\Admin\Desktop\GameEx\Engine\Billboard.h
  C:\Users\Admin\Desktop\GameEx\Engine\BillboardRenderer.h
  C:\Users\Admin\Desktop\GameEx\Engine\Button.h
  C:\Users\Admin\Desktop\GameEx\Engine\Camera.h
  C:\Users\Admin\Desktop\GameEx\Engine\CameraScript.h
  C:\Users\Admin\Desktop\GameEx\Engine\CBehavior.h
  C:\Users\Admin\Desktop\GameEx\Engine\Component.h
  C:\Users\Admin\Desktop\GameEx\Engine\ConstantBuffer.h
  C:\Users\Admin\Desktop\GameEx\Engine\CubeBehavior.h
  C:\Users\Admin\Desktop\GameEx\Engine\DefaultObject.h
  C:\Users\Admin\Desktop\GameEx\Engine\Define.h
  C:\Users\Admin\Desktop\GameEx\Engine\EnginePch.h
  C:\Users\Admin\Desktop\GameEx\Engine\FileUtils.h
  C:\Users\Admin\Desktop\GameEx\Engine\framework.h
  C:\Users\Admin\Desktop\GameEx\Engine\Game.h
  C:\Users\Admin\Desktop\GameEx\Engine\Geometry.h
  C:\Users\Admin\Desktop\GameEx\Engine\GeometryHelper.h
  C:\Users\Admin\Desktop\GameEx\Engine\Graphics.h
  C:\Users\Admin\Desktop\GameEx\Engine\IExecute.h
  C:\Users\Admin\Desktop\GameEx\Engine\imconfig.h
  C:\Users\Admin\Desktop\GameEx\Engine\imgui.h
  C:\Users\Admin\Desktop\GameEx\Engine\ImGuiManager.h
  C:\Users\Admin\Desktop\GameEx\Engine\imgui_impl_dx11.h
  C:\Users\Admin\Desktop\GameEx\Engine\imgui_impl_win32.h
  C:\Users\Admin\Desktop\GameEx\Engine\imgui_internal.h
  C:\Users\Admin\Desktop\GameEx\Engine\imstb_rectpack.h
  C:\Users\Admin\Desktop\GameEx\Engine\imstb_textedit.h
  C:\Users\Admin\Desktop\GameEx\Engine\imstb_truetype.h
  C:\Users\Admin\Desktop\GameEx\Engine\IndexBuffer.h
  C:\Users\Admin\Desktop\GameEx\Engine\InputManager.h
  C:\Users\Admin\Desktop\GameEx\Engine\InstancingBuffer.h
  C:\Users\Admin\Desktop\GameEx\Engine\InstancingManager.h
  C:\Users\Admin\Desktop\GameEx\Engine\Light.h
  C:\Users\Admin\Desktop\GameEx\Engine\LightHelper.h
  C:\Users\Admin\Desktop\GameEx\Engine\Material.h
  C:\Users\Admin\Desktop\GameEx\Engine\MathHelper.h
  C:\Users\Admin\Desktop\GameEx\Engine\MathUtils.h
  C:\Users\Admin\Desktop\GameEx\Engine\Mesh.h
  C:\Users\Admin\Desktop\GameEx\Engine\MeshRenderer.h
  C:\Users\Admin\Desktop\GameEx\Engine\Model.h
  C:\Users\Admin\Desktop\GameEx\Engine\ModelAnimator.h
  C:\Users\Admin\Desktop\GameEx\Engine\ModelRenderer.h
  C:\Users\Admin\Desktop\GameEx\Engine\MonoBehavior.h
  C:\Users\Admin\Desktop\GameEx\Engine\OBBCollider.h
  C:\Users\Admin\Desktop\GameEx\Engine\ParticleSystem.h
  C:\Users\Admin\Desktop\GameEx\Engine\Pass.h
  C:\Users\Admin\Desktop\GameEx\Engine\pch.h
  C:\Users\Admin\Desktop\GameEx\Engine\RenderManager.h
  C:\Users\Admin\Desktop\GameEx\Engine\RenderStates.h
  C:\Users\Admin\Desktop\GameEx\Engine\ResourceBase.h
  C:\Users\Admin\Desktop\GameEx\Engine\ResourceManager.h
  C:\Users\Admin\Desktop\GameEx\Engine\Scene.h
  C:\Users\Admin\Desktop\GameEx\Engine\SceneManager.h
  C:\Users\Admin\Desktop\GameEx\Engine\Shader.h
  C:\Users\Admin\Desktop\GameEx\Engine\ShadowMap.h
  C:\Users\Admin\Desktop\GameEx\Engine\SimpleMath.h
  C:\Users\Admin\Desktop\GameEx\Engine\SphereCollider.h
  C:\Users\Admin\Desktop\GameEx\Engine\Technique.h
  C:\Users\Admin\Desktop\GameEx\Engine\Terrain.h
  C:\Users\Admin\Desktop\GameEx\Engine\Texture.h
  C:\Users\Admin\Desktop\GameEx\Engine\TextureBuffer.h
  C:\Users\Admin\Desktop\GameEx\Engine\TimeManager.h
  C:\Users\Admin\Desktop\GameEx\Engine\tinyxml2.h
  C:\Users\Admin\Desktop\GameEx\Engine\Transform.h
  C:\Users\Admin\Desktop\GameEx\Engine\Types.h
  C:\Users\Admin\Desktop\GameEx\Engine\Utils.h
  C:\Users\Admin\Desktop\GameEx\Engine\VertexBuffer.h
  C:\Users\Admin\Desktop\GameEx\Engine\VertexData.h
  C:\Users\Admin\Desktop\GameEx\Engine\Wave.h
  71개 파일이 복사되었습니다.
  C:\Users\Admin\Desktop\GameEx\Engine\SimpleMath.inl
  1개 파일이 복사되었습니다.
  CBehavior.cpp
  Engine.vcxproj -> C:\Users\Admin\Desktop\GameEx\Library\Lib\Engine\Engine.lib
