c:\users\admin\desktop\gameex\intermediate\debug\engine.pch
c:\users\admin\desktop\gameex\library\lib\engine\engine.pdb
c:\users\admin\desktop\gameex\library\lib\engine\engine.idb
c:\users\admin\desktop\gameex\intermediate\debug\pch.obj
c:\users\admin\desktop\gameex\intermediate\debug\instancingbuffer.obj
c:\users\admin\desktop\gameex\intermediate\debug\inputmanager.obj
c:\users\admin\desktop\gameex\intermediate\debug\indexbuffer.obj
c:\users\admin\desktop\gameex\intermediate\debug\imguimanager.obj
c:\users\admin\desktop\gameex\intermediate\debug\iexecute.obj
c:\users\admin\desktop\gameex\intermediate\debug\graphics.obj
c:\users\admin\desktop\gameex\intermediate\debug\geometryhelper.obj
c:\users\admin\desktop\gameex\intermediate\debug\geometry.obj
c:\users\admin\desktop\gameex\intermediate\debug\game.obj
c:\users\admin\desktop\gameex\intermediate\debug\fileutils.obj
c:\users\admin\desktop\gameex\intermediate\debug\defaultobject.obj
c:\users\admin\desktop\gameex\intermediate\debug\cubebehavior.obj
c:\users\admin\desktop\gameex\intermediate\debug\constantbuffer.obj
c:\users\admin\desktop\gameex\intermediate\debug\component.obj
c:\users\admin\desktop\gameex\intermediate\debug\camerascript.obj
c:\users\admin\desktop\gameex\intermediate\debug\camera.obj
c:\users\admin\desktop\gameex\intermediate\debug\button.obj
c:\users\admin\desktop\gameex\intermediate\debug\billboardrenderer.obj
c:\users\admin\desktop\gameex\intermediate\debug\basecollider.obj
c:\users\admin\desktop\gameex\intermediate\debug\aabbcollider.obj
c:\users\admin\desktop\gameex\intermediate\debug\scenemanager.obj
c:\users\admin\desktop\gameex\intermediate\debug\scene.obj
c:\users\admin\desktop\gameex\intermediate\debug\resourcemanager.obj
c:\users\admin\desktop\gameex\intermediate\debug\resourcebase.obj
c:\users\admin\desktop\gameex\intermediate\debug\renderstates.obj
c:\users\admin\desktop\gameex\intermediate\debug\pass.obj
c:\users\admin\desktop\gameex\intermediate\debug\particlesystem.obj
c:\users\admin\desktop\gameex\intermediate\debug\obbcollider.obj
c:\users\admin\desktop\gameex\intermediate\debug\monobehavior.obj
c:\users\admin\desktop\gameex\intermediate\debug\modelrenderer.obj
c:\users\admin\desktop\gameex\intermediate\debug\modelanimator.obj
c:\users\admin\desktop\gameex\intermediate\debug\model.obj
c:\users\admin\desktop\gameex\intermediate\debug\meshrenderer.obj
c:\users\admin\desktop\gameex\intermediate\debug\mesh.obj
c:\users\admin\desktop\gameex\intermediate\debug\mathutils.obj
c:\users\admin\desktop\gameex\intermediate\debug\mathhelper.obj
c:\users\admin\desktop\gameex\intermediate\debug\material.obj
c:\users\admin\desktop\gameex\intermediate\debug\lighthelper.obj
c:\users\admin\desktop\gameex\intermediate\debug\light.obj
c:\users\admin\desktop\gameex\intermediate\debug\instancingmanager.obj
c:\users\admin\desktop\gameex\intermediate\debug\wave.obj
c:\users\admin\desktop\gameex\intermediate\debug\vertexdata.obj
c:\users\admin\desktop\gameex\intermediate\debug\vertexbuffer.obj
c:\users\admin\desktop\gameex\intermediate\debug\utils.obj
c:\users\admin\desktop\gameex\intermediate\debug\transform.obj
c:\users\admin\desktop\gameex\intermediate\debug\timemanager.obj
c:\users\admin\desktop\gameex\intermediate\debug\texturebuffer.obj
c:\users\admin\desktop\gameex\intermediate\debug\texture.obj
c:\users\admin\desktop\gameex\intermediate\debug\terrain.obj
c:\users\admin\desktop\gameex\intermediate\debug\technique.obj
c:\users\admin\desktop\gameex\intermediate\debug\spherecollider.obj
c:\users\admin\desktop\gameex\intermediate\debug\simplemath.obj
c:\users\admin\desktop\gameex\intermediate\debug\shadowmap.obj
c:\users\admin\desktop\gameex\intermediate\debug\shader.obj
c:\users\admin\desktop\gameex\intermediate\debug\tinyxml2.obj
c:\users\admin\desktop\gameex\intermediate\debug\imgui_widgets.obj
c:\users\admin\desktop\gameex\intermediate\debug\imgui_tables.obj
c:\users\admin\desktop\gameex\intermediate\debug\imgui_impl_win32.obj
c:\users\admin\desktop\gameex\intermediate\debug\imgui_impl_dx11.obj
c:\users\admin\desktop\gameex\intermediate\debug\imgui_draw.obj
c:\users\admin\desktop\gameex\intermediate\debug\imgui_demo.obj
c:\users\admin\desktop\gameex\intermediate\debug\imgui.obj
c:\users\admin\desktop\gameex\library\lib\engine\engine.lib
c:\users\admin\desktop\gameex\intermediate\debug\02.camerademo.obj
c:\users\admin\desktop\gameex\intermediate\debug\03.texturedemo.obj
c:\users\admin\desktop\gameex\intermediate\debug\04.samplerdemo.obj
c:\users\admin\desktop\gameex\intermediate\debug\05.colorboxdemo.obj
c:\users\admin\desktop\gameex\intermediate\debug\06.heightmapdemo.obj
c:\users\admin\desktop\gameex\intermediate\debug\07.normaltestdemo.obj
c:\users\admin\desktop\gameex\intermediate\debug\08.lightdemo.obj
c:\users\admin\desktop\gameex\intermediate\debug\09.modelinitdemo.obj
c:\users\admin\desktop\gameex\intermediate\debug\10.animdemo.obj
c:\users\admin\desktop\gameex\intermediate\debug\11.instancingdemo.obj
c:\users\admin\desktop\gameex\intermediate\debug\12.pickingdemo.obj
c:\users\admin\desktop\gameex\intermediate\debug\b1.texturelightdemo.obj
c:\users\admin\desktop\gameex\intermediate\debug\b2.mirrordemo.obj
c:\users\admin\desktop\gameex\intermediate\debug\b3.tessildemo.obj
c:\users\admin\desktop\gameex\intermediate\debug\b4.tessildemo.obj
c:\users\admin\desktop\gameex\intermediate\debug\b5.shadowdemo.obj
c:\users\admin\desktop\gameex\intermediate\debug\b6.texturebufferdemo.obj
c:\users\admin\desktop\gameex\intermediate\debug\kkk.obj
c:\users\admin\desktop\gameex\intermediate\debug\main.obj
c:\users\admin\desktop\gameex\intermediate\debug\triangledemo.obj
c:\users\admin\desktop\gameex\intermediate\debug\gameexe.ilk
c:\users\admin\desktop\gameex\intermediate\debug\gameexe.pch
c:\users\admin\desktop\gameex\intermediate\debug\vc143.idb
c:\users\admin\desktop\gameex\intermediate\debug\vc143.pdb
c:\users\admin\desktop\gameex\intermediate\debug\engine.vcxproj.filelistabsolute.txt
c:\users\admin\desktop\gameex\intermediate\debug\engine.tlog\cl.command.1.tlog
c:\users\admin\desktop\gameex\intermediate\debug\engine.tlog\cl.read.1.tlog
c:\users\admin\desktop\gameex\intermediate\debug\engine.tlog\cl.write.1.tlog
c:\users\admin\desktop\gameex\intermediate\debug\engine.tlog\lib-link.read.1.tlog
c:\users\admin\desktop\gameex\intermediate\debug\engine.tlog\lib-link.write.1.tlog
c:\users\admin\desktop\gameex\intermediate\debug\engine.tlog\lib.command.1.tlog
